#
# There is insufficient memory for the Java Runtime Environment to continue.
# Native memory allocation (malloc) failed to allocate 1048576 bytes for AllocateHeap
# Possible reasons:
#   The system is out of physical RAM or swap space
#   In 32 bit mode, the process size limit was hit
# Possible solutions:
#   Reduce memory load on the system
#   Increase physical memory or swap space
#   Check if swap backing store is full
#   Use 64 bit Java on a 64 bit OS
#   Decrease Java heap size (-Xmx/-Xms)
#   Decrease number of Java threads
#   Decrease Java thread stack sizes (-Xss)
#   Set larger code cache with -XX:ReservedCodeCacheSize=
# This output file may be truncated or incomplete.
#
#  Out of Memory Error (memory/allocation.inline.hpp:60), pid=8468, tid=1408
#
# JRE version: 7.0_25-b17
# Java VM: Java HotSpot(TM) 64-Bit Server VM (23.25-b01 mixed mode windows-amd64 compressed oops)
# Failed to write core dump. Minidumps are not enabled by default on client versions of Windows
#

---------------  T H R E A D  ---------------

Current thread (0x00000000004fd000):  JavaThread "Unknown thread" [_thread_in_vm, id=1408, stack(0x00000000023b0000,0x00000000024b0000)]

Stack: [0x00000000023b0000,0x00000000024b0000]

---------------  P R O C E S S  ---------------

Java Threads: ( => current thread )

Other Threads:

=>0x00000000004fd000 (exited) JavaThread "Unknown thread" [_thread_in_vm, id=1408, stack(0x00000000023b0000,0x00000000024b0000)]

VM state:not at safepoint (normal execution)

VM Mutex/Monitor currently owned by a thread: None

Heap
 PSYoungGen      total 38016K, used 652K [0x00000007d5a00000, 0x00000007d8460000, 0x0000000800000000)
  eden space 32640K, 2% used [0x00000007d5a00000,0x00000007d5aa33a0,0x00000007d79e0000)
  from space 5376K, 0% used [0x00000007d7f20000,0x00000007d7f20000,0x00000007d8460000)
  to   space 5376K, 0% used [0x00000007d79e0000,0x00000007d79e0000,0x00000007d7f20000)
 ParOldGen       total 86784K, used 0K [0x0000000780e00000, 0x00000007862c0000, 0x00000007d5a00000)
  object space 86784K, 0% used [0x0000000780e00000,0x0000000780e00000,0x00000007862c0000)
 PSPermGen       total 21248K, used 692K [0x000000077bc00000, 0x000000077d0c0000, 0x0000000780e00000)
  object space 21248K, 3% used [0x000000077bc00000,0x000000077bcad0d8,0x000000077d0c0000)

Card table byte_map: [0x00000000054b0000,0x00000000058e0000] byte_map_base: 0x00000000018d2000

Polling page: 0x00000000001a0000

Code Cache  [0x00000000024b0000, 0x0000000002720000, 0x00000000054b0000)
 total_blobs=39 nmethods=0 adapters=20 free_code_cache=48889Kb largest_free_block=50062848

Compilation events (0 events):
No events

GC Heap History (0 events):
No events

Deoptimization events (0 events):
No events

Internal exceptions (0 events):
No events

Events (10 events):
Event: 0.015 loading class 0x00000000020a17b0
Event: 0.015 loading class 0x00000000020a17b0 done
Event: 0.015 loading class 0x00000000020a1810
Event: 0.015 loading class 0x00000000020a1810 done
Event: 0.015 loading class 0x00000000020a1840
Event: 0.015 loading class 0x00000000020a1840 done
Event: 0.016 loading class 0x0000000002063180
Event: 0.016 loading class 0x0000000002063180 done
Event: 0.016 loading class 0x0000000002062d40
Event: 0.016 loading class 0x0000000002062d40 done


Dynamic libraries:
0x000000013fa90000 - 0x000000013fac3000 	C:\Program Files\Java\jre7\bin\javaw.exe
0x0000000077bb0000 - 0x0000000077d59000 	C:\Windows\SYSTEM32\ntdll.dll
0x0000000077990000 - 0x0000000077aaf000 	C:\Windows\system32\kernel32.dll
0x000007fefda80000 - 0x000007fefdaec000 	C:\Windows\system32\KERNELBASE.dll
0x000007fefe460000 - 0x000007fefe53b000 	C:\Windows\system32\ADVAPI32.dll
0x000007feffa50000 - 0x000007feffaef000 	C:\Windows\system32\msvcrt.dll
0x000007fefe5c0000 - 0x000007fefe5df000 	C:\Windows\SYSTEM32\sechost.dll
0x000007feffd30000 - 0x000007feffe5d000 	C:\Windows\system32\RPCRT4.dll
0x0000000077ab0000 - 0x0000000077baa000 	C:\Windows\system32\USER32.dll
0x000007fefe8b0000 - 0x000007fefe917000 	C:\Windows\system32\GDI32.dll
0x000007fefe6f0000 - 0x000007fefe6fe000 	C:\Windows\system32\LPK.dll
0x000007fefe7e0000 - 0x000007fefe8a9000 	C:\Windows\system32\USP10.dll
0x000007fefc2d0000 - 0x000007fefc4c4000 	C:\Windows\WinSxS\amd64_microsoft.windows.common-controls_6595b64144ccf1df_6.0.7601.17514_none_fa396087175ac9ac\COMCTL32.dll
0x000007fefddd0000 - 0x000007fefde41000 	C:\Windows\system32\SHLWAPI.dll
0x000007fefe7a0000 - 0x000007fefe7ce000 	C:\Windows\system32\IMM32.DLL
0x000007fefe5e0000 - 0x000007fefe6e9000 	C:\Windows\system32\MSCTF.dll
0x000000006f870000 - 0x000000006f941000 	C:\Program Files\Java\jre7\bin\msvcr100.dll
0x0000000055420000 - 0x0000000055b2f000 	C:\Program Files\Java\jre7\bin\server\jvm.dll
0x000007feee830000 - 0x000007feee839000 	C:\Windows\system32\WSOCK32.dll
0x000007fefdd80000 - 0x000007fefddcd000 	C:\Windows\system32\WS2_32.dll
0x000007fefe7d0000 - 0x000007fefe7d8000 	C:\Windows\system32\NSI.dll
0x000007fefb690000 - 0x000007fefb6cb000 	C:\Windows\system32\WINMM.dll
0x0000000077d80000 - 0x0000000077d87000 	C:\Windows\system32\PSAPI.DLL
0x0000000073df0000 - 0x0000000073dff000 	C:\Program Files\Java\jre7\bin\verify.dll
0x00000000738a0000 - 0x00000000738c8000 	C:\Program Files\Java\jre7\bin\java.dll
0x0000000073880000 - 0x0000000073895000 	C:\Program Files\Java\jre7\bin\zip.dll

VM Arguments:
jvm_args: -Dfile.encoding=MS950 
java_command: tw.edu.nctu.cs.pet.main
Launcher Type: SUN_STANDARD

Environment Variables:
JAVA_HOME=C:\jdk1.7
CLASSPATH=.;C:\jdk1.7\lib;C:\mysql-connector-java-5.1.27;C:\Program Files\Java\jre7\lib;C:\jetty-distribution-9.1.0.v20131115\lib
PATH=C:\Windows\system32;C:\Windows;C:\Windows\System32\Wbem;C:\Windows\System32\WindowsPowerShell\v1.0\;C:\Program Files (x86)\Intel\OpenCL SDK\2.0\bin\x86;C:\Program Files (x86)\Intel\OpenCL SDK\2.0\bin\x64;C:\jdk1.7\bin;c:\Program Files (x86)\Microsoft SQL Server\90\Tools\binn\;C:\appserv\mysql5\bin;C:\Program Files (x86)\MySQL\MySQL Utilities 1.3.4\;C:\Program Files (x86)\Common Files\Acronis\SnapAPI\;C:\Program Files\MATLAB\R2014a\runtime\win64;C:\Program Files\MATLAB\R2014a\bin;C:\Program Files (x86)\Nmap;C:\jdk1.7\bin
USERNAME=Jack
OS=Windows_NT
PROCESSOR_IDENTIFIER=Intel64 Family 6 Model 58 Stepping 9, GenuineIntel



---------------  S Y S T E M  ---------------

OS: Windows 7 , 64 bit Build 7601 Service Pack 1

CPU:total 4 (2 cores per cpu, 2 threads per core) family 6 model 58 stepping 9, cmov, cx8, fxsr, mmx, sse, sse2, sse3, ssse3, sse4.1, sse4.2, popcnt, avx, ht, tsc, tscinvbit, tscinv

Memory: 4k page, physical 8329196k(2814316k free), swap 9656468k(19784k free)

vm_info: Java HotSpot(TM) 64-Bit Server VM (23.25-b01) for windows-amd64 JRE (1.7.0_25-b17), built on Jun 21 2013 12:58:32 by "java_re" with unknown MS VC++:1600

time: Thu Aug 28 14:59:02 2014
elapsed time: 0 seconds

